<?xml version="1.0" encoding="UTF-8"?>
<testsuite name="com.demoqa.JUnitDemoTest" tests="2" skipped="0" failures="0" errors="0" timestamp="2022-10-03T18:51:33" hostname="MacBook-Air-Anastasia.local" time="0.064">
  <properties/>
  <testcase name="simpleTestSecond()" classname="com.demoqa.JUnitDemoTest" time="0.056"/>
  <testcase name="simpleTestFirst()" classname="com.demoqa.JUnitDemoTest" time="0.005"/>
  <system-out><![CDATA[### @BeforeAll !
###     @BeforeEach !
###         @Test simpleTestSecond() !
###     @AfterEach !
###     @BeforeEach !
###         @Test simpleTestFirst() !
###     @AfterEach !
### @AfterAll !
]]></system-out>
  <system-err><![CDATA[]]></system-err>
</testsuite>
